/Users/yuanshanhu/anaconda3/lib/python3.6/site-packages/sklearn/ensemble/weight_boosting.py:29: DeprecationWarning: numpy.core.umath_tests is an internal NumPy module and should not be imported. It will be removed in a future NumPy release.
  from numpy.core.umath_tests import inner1d
2019-03-24 03:00:54,165 - __main__ - INFO - Using seed 134887773
2019-03-24 03:00:54,165 - __main__ - INFO - Loading data
2019-03-24 03:00:54,165 - __main__ - INFO - ----------
2019-03-24 03:00:56,578 - data.loader - INFO - Processing CreditDefaultData Path: data/default of credit card clients.xls, Dimensions: (29999, 23)
2019-03-24 03:00:56,612 - data.loader - INFO - Data Sample:
        2  2.1  1  24  2.2  2.3 ...   689.1    0.4   0.5    0.6   0.7  1.1
20000                           ...                                       
120000  2    2  2  26   -1    2 ...    1000   1000  1000      0  2000    1
90000   2    2  2  34    0    0 ...    1500   1000  1000   1000  5000    0
50000   2    2  1  37    0    0 ...    2019   1200  1100   1069  1000    0
50000   1    2  1  57   -1    0 ...   36681  10000  9000    689   679    0
50000   1    1  2  37    0    0 ...    1815    657  1000   1000   800    0
...    ..  ... ..  ..  ...  ... ...     ...    ...   ...    ...   ...  ...
220000  1    3  1  39    0    0 ...   20000   5003  3047   5000  1000    0
150000  1    3  2  43   -1   -1 ...    3526   8998   129      0     0    0
30000   1    2  2  37    4    3 ...       0  22000  4200   2000  3100    1
80000   1    3  1  41    1   -1 ...    3409   1178  1926  52964  1804    1
50000   1    2  1  46    0    0 ...    1800   1430  1000   1000  1000    1

[29999 rows x 23 columns]
2019-03-24 03:00:56,612 - data.loader - INFO - Will pre-process data
2019-03-24 03:00:56,612 - data.loader - INFO - Pulling features
2019-03-24 03:00:56,616 - data.loader - INFO - Pulling classes
2019-03-24 03:00:56,616 - data.loader - INFO - Feature dimensions: (29999, 22)
2019-03-24 03:00:56,616 - data.loader - INFO - Classes dimensions: (29999,)
2019-03-24 03:00:56,617 - data.loader - INFO - Class values: [0 1]
2019-03-24 03:00:56,618 - data.loader - INFO - Class distribution: [23364  6635]
2019-03-24 03:00:56,618 - data.loader - INFO - Class distribution (%): [77.88259609 22.11740391]
2019-03-24 03:00:56,618 - data.loader - INFO - Sparse? False
2019-03-24 03:00:56,624 - data.loader - INFO - Binary? True
2019-03-24 03:00:56,624 - data.loader - INFO - Balanced? True
2019-03-24 03:00:56,660 - __main__ - INFO - ----------
2019-03-24 03:00:56,660 - __main__ - INFO - Running experiments
2019-03-24 03:00:56,660 - __main__ - INFO - Running RF experiment: Credit Default (3)
2019-03-24 03:00:56,660 - __main__ - INFO -  Details: ExperimentDetails(ds=<data.loader.CreditDefaultData object at 0x11de09438>, ds_name=credit_default, ds_readable_name=Credit Default, best_nn_params={'NN__activation': ['relu'], 'NN__alpha': [0.01], 'NN__hidden_layer_sizes': [(23, 23)], 'NN__learning_rate_init': [0.016]}, threads=-1, seed=134887773)
2019-03-24 03:00:56,660 - experiments.base - INFO - Performing RF
Fitting 5 folds for each of 380 candidates, totalling 1900 fits
/Users/yuanshanhu/anaconda3/bin/pythonw: line 3: 39735 Terminated: 15          /Users/yuanshanhu/anaconda3/python.app/Contents/MacOS/python "$@"
[CV] NN__alpha=0.1, NN__hidden_layer_sizes=(50, 50), filter__n=2 .....
[CV]  NN__alpha=0.1, NN__hidden_layer_sizes=(50, 50), filter__n=2, score=0.6482101739558813, total=   8.1s
[CV] NN__alpha=0.1, NN__hidden_layer_sizes=(50, 50), filter__n=4 .....
[CV]  NN__alpha=0.1, NN__hidden_layer_sizes=(50, 50), filter__n=4, score=0.6462898176525351, total=   7.6s
[CV] NN__alpha=0.1, NN__hidden_layer_sizes=(50, 50), filter__n=5 .....
[CV]  NN__alpha=0.1, NN__hidden_layer_sizes=(50, 50), filter__n=5, score=0.6469012514648249, total=   7.6s
[CV] NN__alpha=0.1, NN__hidden_layer_sizes=(50, 50), filter__n=7 .....
[CV]  NN__alpha=0.1, NN__hidden_layer_sizes=(50, 50), filter__n=7, score=0.625831301528025, total=   8.4s
[CV] NN__alpha=0.1, NN__hidden_layer_sizes=(50, 50), filter__n=8 .....
[CV]  NN__alpha=0.1, NN__hidden_layer_sizes=(50, 50), filter__n=8, score=0.6388344715721122, total=   6.7s
[CV] NN__alpha=0.1, NN__hidden_layer_sizes=(50, 50), filter__n=9 .....
[CV]  NN__alpha=0.1, NN__hidden_layer_sizes=(50, 50), filter__n=9, score=0.6493534038072779, total=  10.8s
[CV] NN__alpha=0.1, NN__hidden_layer_sizes=(50, 50), filter__n=15 ....
[CV]  NN__alpha=0.1, NN__hidden_layer_sizes=(50, 50), filter__n=15, score=0.6492994344072696, total=  10.5s
[CV] NN__alpha=0.1, NN__hidden_layer_sizes=(50, 50), filter__n=20 ....
[CV]  NN__alpha=0.1, NN__hidden_layer_sizes=(50, 50), filter__n=20, score=0.6344411508133125, total=   8.8s
[CV] NN__alpha=0.1, NN__hidden_layer_sizes=(50, 50), filter__n=30 ....
[CV]  NN__alpha=0.1, NN__hidden_layer_sizes=(50, 50), filter__n=30, score=0.6580161506720341, total=  11.7s
[CV] NN__alpha=0.1, NN__hidden_layer_sizes=(50, 50), filter__n=40 ....
[CV]  NN__alpha=0.1, NN__hidden_layer_sizes=(50, 50), filter__n=40, score=0.6574047168597444, total=   7.9s
[CV] NN__alpha=0.1, NN__hidden_layer_sizes=(50, 50), filter__n=45 ....
[CV]  NN__alpha=0.1, NN__hidden_layer_sizes=(50, 50), filter__n=45, score=0.6580161506720341, total=   8.9s
[CV] NN__alpha=0.1, NN__hidden_layer_sizes=(50, 50), filter__n=55 ....
[CV]  NN__alpha=0.1, NN__hidden_layer_sizes=(50, 50), filter__n=55, score=0.6574047168597444, total=   6.9s
[CV] NN__alpha=0.1, NN__hidden_layer_sizes=(50, 50), filter__n=60 ....
[CV]  NN__alpha=0.1, NN__hidden_layer_sizes=(50, 50), filter__n=60, score=0.6580161506720341, total=  11.0s
[CV] NN__alpha=0.1, NN__hidden_layer_sizes=(50,), filter__n=3 ........
[CV]  NN__alpha=0.1, NN__hidden_layer_sizes=(50,), filter__n=3, score=0.6418120028603782, total=   6.9s
[CV] NN__alpha=0.1, NN__hidden_layer_sizes=(50,), filter__n=5 ........
[CV]  NN__alpha=0.1, NN__hidden_layer_sizes=(50,), filter__n=5, score=0.6334459231548142, total=   8.0s
Process ForkPoolWorker-4:
Traceback (most recent call last):
  File "/Users/yuanshanhu/anaconda3/lib/python3.6/multiprocessing/pool.py", line 125, in worker
    put((job, i, result))
  File "/Users/yuanshanhu/anaconda3/lib/python3.6/site-packages/sklearn/externals/joblib/pool.py", line 386, in put
    return send(obj)
  File "/Users/yuanshanhu/anaconda3/lib/python3.6/site-packages/sklearn/externals/joblib/pool.py", line 372, in send
    self._writer.send_bytes(buffer.getvalue())
  File "/Users/yuanshanhu/anaconda3/lib/python3.6/multiprocessing/connection.py", line 200, in send_bytes
    self._send_bytes(m[offset:offset + size])
  File "/Users/yuanshanhu/anaconda3/lib/python3.6/multiprocessing/connection.py", line 404, in _send_bytes
    self._send(header + buf)
  File "/Users/yuanshanhu/anaconda3/lib/python3.6/multiprocessing/connection.py", line 368, in _send
    n = write(self._handle, buf)
BrokenPipeError: [Errno 32] Broken pipe

During handling of the above exception, another exception occurred:

Traceback (most recent call last):
  File "/Users/yuanshanhu/anaconda3/lib/python3.6/multiprocessing/process.py", line 258, in _bootstrap
    self.run()
  File "/Users/yuanshanhu/anaconda3/lib/python3.6/multiprocessing/process.py", line 93, in run
    self._target(*self._args, **self._kwargs)
  File "/Users/yuanshanhu/anaconda3/lib/python3.6/multiprocessing/pool.py", line 130, in worker
    put((job, i, (False, wrapped)))
  File "/Users/yuanshanhu/anaconda3/lib/python3.6/site-packages/sklearn/externals/joblib/pool.py", line 386, in put
    return send(obj)
  File "/Users/yuanshanhu/anaconda3/lib/python3.6/site-packages/sklearn/externals/joblib/pool.py", line 372, in send
    self._writer.send_bytes(buffer.getvalue())
  File "/Users/yuanshanhu/anaconda3/lib/python3.6/multiprocessing/connection.py", line 200, in send_bytes
    self._send_bytes(m[offset:offset + size])
  File "/Users/yuanshanhu/anaconda3/lib/python3.6/multiprocessing/connection.py", line 404, in _send_bytes
    self._send(header + buf)
  File "/Users/yuanshanhu/anaconda3/lib/python3.6/multiprocessing/connection.py", line 368, in _send
    n = write(self._handle, buf)
BrokenPipeError: [Errno 32] Broken pipe
[CV] NN__alpha=0.1, NN__hidden_layer_sizes=(50, 50), filter__n=3 .....
[CV]  NN__alpha=0.1, NN__hidden_layer_sizes=(50, 50), filter__n=3, score=0.635372696551454, total=  13.3s
[CV] NN__alpha=0.1, NN__hidden_layer_sizes=(50, 50), filter__n=5 .....
[CV]  NN__alpha=0.1, NN__hidden_layer_sizes=(50, 50), filter__n=5, score=0.641452316554225, total=  14.2s
[CV] NN__alpha=0.1, NN__hidden_layer_sizes=(50, 50), filter__n=7 .....
[CV]  NN__alpha=0.1, NN__hidden_layer_sizes=(50, 50), filter__n=7, score=0.6405159145559091, total=   9.9s
[CV] NN__alpha=0.1, NN__hidden_layer_sizes=(50, 50), filter__n=8 .....
[CV]  NN__alpha=0.1, NN__hidden_layer_sizes=(50, 50), filter__n=8, score=0.6278151980834714, total=   7.0s
[CV] NN__alpha=0.1, NN__hidden_layer_sizes=(50, 50), filter__n=10 ....
[CV]  NN__alpha=0.1, NN__hidden_layer_sizes=(50, 50), filter__n=10, score=0.6487355529016944, total=  10.0s
[CV] NN__alpha=0.1, NN__hidden_layer_sizes=(50, 50), filter__n=20 ....
[CV]  NN__alpha=0.1, NN__hidden_layer_sizes=(50, 50), filter__n=20, score=0.6555511641429939, total=  11.1s
[CV] NN__alpha=0.1, NN__hidden_layer_sizes=(50, 50), filter__n=25 ....
[CV]  NN__alpha=0.1, NN__hidden_layer_sizes=(50, 50), filter__n=25, score=0.6580161506720341, total=  10.6s
[CV] NN__alpha=0.1, NN__hidden_layer_sizes=(50, 50), filter__n=35 ....
[CV]  NN__alpha=0.1, NN__hidden_layer_sizes=(50, 50), filter__n=35, score=0.6580161506720341, total=  10.5s
[CV] NN__alpha=0.1, NN__hidden_layer_sizes=(50, 50), filter__n=45 ....
[CV]  NN__alpha=0.1, NN__hidden_layer_sizes=(50, 50), filter__n=45, score=0.6574047168597444, total=   7.4s
[CV] NN__alpha=0.1, NN__hidden_layer_sizes=(50, 50), filter__n=50 ....
[CV]  NN__alpha=0.1, NN__hidden_layer_sizes=(50, 50), filter__n=50, score=0.6580161506720341, total=   9.4s
[CV] NN__alpha=0.1, NN__hidden_layer_sizes=(50, 50), filter__n=60 ....
[CV]  NN__alpha=0.1, NN__hidden_layer_sizes=(50, 50), filter__n=60, score=0.6542229903720566, total=  11.8s
[CV] NN__alpha=0.1, NN__hidden_layer_sizes=(50,), filter__n=3 ........
[CV]  NN__alpha=0.1, NN__hidden_layer_sizes=(50,), filter__n=3, score=0.6455923289737685, total=   7.8s
[CV] NN__alpha=0.1, NN__hidden_layer_sizes=(50,), filter__n=5 ........
[CV]  NN__alpha=0.1, NN__hidden_layer_sizes=(50,), filter__n=5, score=0.6398980636503256, total=  10.1s
Process ForkPoolWorker-6:
Traceback (most recent call last):
  File "/Users/yuanshanhu/anaconda3/lib/python3.6/multiprocessing/pool.py", line 125, in worker
    put((job, i, result))
  File "/Users/yuanshanhu/anaconda3/lib/python3.6/site-packages/sklearn/externals/joblib/pool.py", line 386, in put
    return send(obj)
  File "/Users/yuanshanhu/anaconda3/lib/python3.6/site-packages/sklearn/externals/joblib/pool.py", line 372, in send
    self._writer.send_bytes(buffer.getvalue())
  File "/Users/yuanshanhu/anaconda3/lib/python3.6/multiprocessing/connection.py", line 200, in send_bytes
    self._send_bytes(m[offset:offset + size])
  File "/Users/yuanshanhu/anaconda3/lib/python3.6/multiprocessing/connection.py", line 404, in _send_bytes
    self._send(header + buf)
  File "/Users/yuanshanhu/anaconda3/lib/python3.6/multiprocessing/connection.py", line 368, in _send
    n = write(self._handle, buf)
BrokenPipeError: [Errno 32] Broken pipe

During handling of the above exception, another exception occurred:

Traceback (most recent call last):
  File "/Users/yuanshanhu/anaconda3/lib/python3.6/multiprocessing/process.py", line 258, in _bootstrap
    self.run()
  File "/Users/yuanshanhu/anaconda3/lib/python3.6/multiprocessing/process.py", line 93, in run
    self._target(*self._args, **self._kwargs)
  File "/Users/yuanshanhu/anaconda3/lib/python3.6/multiprocessing/pool.py", line 130, in worker
    put((job, i, (False, wrapped)))
  File "/Users/yuanshanhu/anaconda3/lib/python3.6/site-packages/sklearn/externals/joblib/pool.py", line 386, in put
    return send(obj)
  File "/Users/yuanshanhu/anaconda3/lib/python3.6/site-packages/sklearn/externals/joblib/pool.py", line 372, in send
    self._writer.send_bytes(buffer.getvalue())
  File "/Users/yuanshanhu/anaconda3/lib/python3.6/multiprocessing/connection.py", line 200, in send_bytes
    self._send_bytes(m[offset:offset + size])
  File "/Users/yuanshanhu/anaconda3/lib/python3.6/multiprocessing/connection.py", line 404, in _send_bytes
    self._send(header + buf)
  File "/Users/yuanshanhu/anaconda3/lib/python3.6/multiprocessing/connection.py", line 368, in _send
    n = write(self._handle, buf)
BrokenPipeError: [Errno 32] Broken pipe
[CV] NN__alpha=0.1, NN__hidden_layer_sizes=(50, 50), filter__n=3 .....
[CV]  NN__alpha=0.1, NN__hidden_layer_sizes=(50, 50), filter__n=3, score=0.6451337536145512, total=  13.2s
[CV] NN__alpha=0.1, NN__hidden_layer_sizes=(50, 50), filter__n=4 .....
[CV]  NN__alpha=0.1, NN__hidden_layer_sizes=(50, 50), filter__n=4, score=0.6483630324089538, total=   9.4s
[CV] NN__alpha=0.1, NN__hidden_layer_sizes=(50, 50), filter__n=6 .....
[CV]  NN__alpha=0.1, NN__hidden_layer_sizes=(50, 50), filter__n=6, score=0.646210179879352, total=   8.2s
[CV] NN__alpha=0.1, NN__hidden_layer_sizes=(50, 50), filter__n=7 .....
[CV]  NN__alpha=0.1, NN__hidden_layer_sizes=(50, 50), filter__n=7, score=0.6362906063209607, total=   8.6s
[CV] NN__alpha=0.1, NN__hidden_layer_sizes=(50, 50), filter__n=9 .....
[CV]  NN__alpha=0.1, NN__hidden_layer_sizes=(50, 50), filter__n=9, score=0.6452069742944405, total=   9.9s
[CV] NN__alpha=0.1, NN__hidden_layer_sizes=(50, 50), filter__n=15 ....
[CV]  NN__alpha=0.1, NN__hidden_layer_sizes=(50, 50), filter__n=15, score=0.6352198380983817, total=  10.1s
[CV] NN__alpha=0.1, NN__hidden_layer_sizes=(50, 50), filter__n=20 ....
[CV]  NN__alpha=0.1, NN__hidden_layer_sizes=(50, 50), filter__n=20, score=0.6611657916932537, total=   8.4s
[CV] NN__alpha=0.1, NN__hidden_layer_sizes=(50, 50), filter__n=30 ....
[CV]  NN__alpha=0.1, NN__hidden_layer_sizes=(50, 50), filter__n=30, score=0.6542229903720566, total=  13.1s
[CV] NN__alpha=0.1, NN__hidden_layer_sizes=(50, 50), filter__n=40 ....
[CV]  NN__alpha=0.1, NN__hidden_layer_sizes=(50, 50), filter__n=40, score=0.6542229903720566, total=  11.6s
[CV] NN__alpha=0.1, NN__hidden_layer_sizes=(50, 50), filter__n=50 ....
[CV]  NN__alpha=0.1, NN__hidden_layer_sizes=(50, 50), filter__n=50, score=0.6542229903720566, total=  10.7s
[CV] NN__alpha=0.1, NN__hidden_layer_sizes=(50, 50), filter__n=60 ....
[CV]  NN__alpha=0.1, NN__hidden_layer_sizes=(50, 50), filter__n=60, score=0.6574047168597444, total=   6.9s
[CV] NN__alpha=0.1, NN__hidden_layer_sizes=(50,), filter__n=2 ........
[CV]  NN__alpha=0.1, NN__hidden_layer_sizes=(50,), filter__n=2, score=0.6506623262983343, total=   5.6s
[CV] NN__alpha=0.1, NN__hidden_layer_sizes=(50,), filter__n=3 ........
[CV]  NN__alpha=0.1, NN__hidden_layer_sizes=(50,), filter__n=3, score=0.6340552161629366, total=   8.7s
[CV] NN__alpha=0.1, NN__hidden_layer_sizes=(50,), filter__n=5 ........
[CV]  NN__alpha=0.1, NN__hidden_layer_sizes=(50,), filter__n=5, score=0.6498916169396783, total=   9.0s
Process ForkPoolWorker-7:
Traceback (most recent call last):
  File "/Users/yuanshanhu/anaconda3/lib/python3.6/multiprocessing/pool.py", line 125, in worker
    put((job, i, result))
  File "/Users/yuanshanhu/anaconda3/lib/python3.6/site-packages/sklearn/externals/joblib/pool.py", line 386, in put
    return send(obj)
  File "/Users/yuanshanhu/anaconda3/lib/python3.6/site-packages/sklearn/externals/joblib/pool.py", line 372, in send
    self._writer.send_bytes(buffer.getvalue())
  File "/Users/yuanshanhu/anaconda3/lib/python3.6/multiprocessing/connection.py", line 200, in send_bytes
    self._send_bytes(m[offset:offset + size])
  File "/Users/yuanshanhu/anaconda3/lib/python3.6/multiprocessing/connection.py", line 404, in _send_bytes
    self._send(header + buf)
  File "/Users/yuanshanhu/anaconda3/lib/python3.6/multiprocessing/connection.py", line 368, in _send
    n = write(self._handle, buf)
BrokenPipeError: [Errno 32] Broken pipe

During handling of the above exception, another exception occurred:

Traceback (most recent call last):
  File "/Users/yuanshanhu/anaconda3/lib/python3.6/multiprocessing/process.py", line 258, in _bootstrap
    self.run()
  File "/Users/yuanshanhu/anaconda3/lib/python3.6/multiprocessing/process.py", line 93, in run
    self._target(*self._args, **self._kwargs)
  File "/Users/yuanshanhu/anaconda3/lib/python3.6/multiprocessing/pool.py", line 130, in worker
    put((job, i, (False, wrapped)))
  File "/Users/yuanshanhu/anaconda3/lib/python3.6/site-packages/sklearn/externals/joblib/pool.py", line 386, in put
    return send(obj)
  File "/Users/yuanshanhu/anaconda3/lib/python3.6/site-packages/sklearn/externals/joblib/pool.py", line 372, in send
    self._writer.send_bytes(buffer.getvalue())
  File "/Users/yuanshanhu/anaconda3/lib/python3.6/multiprocessing/connection.py", line 200, in send_bytes
    self._send_bytes(m[offset:offset + size])
  File "/Users/yuanshanhu/anaconda3/lib/python3.6/multiprocessing/connection.py", line 404, in _send_bytes
    self._send(header + buf)
  File "/Users/yuanshanhu/anaconda3/lib/python3.6/multiprocessing/connection.py", line 368, in _send
    n = write(self._handle, buf)
BrokenPipeError: [Errno 32] Broken pipe
[CV] NN__alpha=0.1, NN__hidden_layer_sizes=(50, 50), filter__n=3 .....
[CV]  NN__alpha=0.1, NN__hidden_layer_sizes=(50, 50), filter__n=3, score=0.6487355529016944, total=  13.2s
[CV] NN__alpha=0.1, NN__hidden_layer_sizes=(50, 50), filter__n=4 .....
[CV]  NN__alpha=0.1, NN__hidden_layer_sizes=(50, 50), filter__n=4, score=0.6362906063209607, total=   9.7s
[CV] NN__alpha=0.1, NN__hidden_layer_sizes=(50, 50), filter__n=6 .....
[CV]  NN__alpha=0.1, NN__hidden_layer_sizes=(50, 50), filter__n=6, score=0.6502833887123, total=   9.3s
[CV] NN__alpha=0.1, NN__hidden_layer_sizes=(50, 50), filter__n=8 .....
[CV]  NN__alpha=0.1, NN__hidden_layer_sizes=(50, 50), filter__n=8, score=0.6498119791664952, total=  11.1s
[CV] NN__alpha=0.1, NN__hidden_layer_sizes=(50, 50), filter__n=9 .....
[CV]  NN__alpha=0.1, NN__hidden_layer_sizes=(50, 50), filter__n=9, score=0.6352856608229056, total=   8.5s
[CV] NN__alpha=0.1, NN__hidden_layer_sizes=(50, 50), filter__n=15 ....
[CV]  NN__alpha=0.1, NN__hidden_layer_sizes=(50, 50), filter__n=15, score=0.6600097276552699, total=   9.0s
[CV] NN__alpha=0.1, NN__hidden_layer_sizes=(50, 50), filter__n=25 ....
[CV]  NN__alpha=0.1, NN__hidden_layer_sizes=(50, 50), filter__n=25, score=0.6542229903720566, total=  12.7s
[CV] NN__alpha=0.1, NN__hidden_layer_sizes=(50, 50), filter__n=35 ....
[CV]  NN__alpha=0.1, NN__hidden_layer_sizes=(50, 50), filter__n=35, score=0.6574047168597444, total=   8.6s
[CV] NN__alpha=0.1, NN__hidden_layer_sizes=(50, 50), filter__n=40 ....
[CV]  NN__alpha=0.1, NN__hidden_layer_sizes=(50, 50), filter__n=40, score=0.6613918708262155, total=   9.3s
[CV] NN__alpha=0.1, NN__hidden_layer_sizes=(50, 50), filter__n=45 ....
[CV]  NN__alpha=0.1, NN__hidden_layer_sizes=(50, 50), filter__n=45, score=0.6536425115170938, total=   7.3s
[CV] NN__alpha=0.1, NN__hidden_layer_sizes=(50, 50), filter__n=55 ....
[CV]  NN__alpha=0.1, NN__hidden_layer_sizes=(50, 50), filter__n=55, score=0.6613918708262155, total=  10.1s
[CV] NN__alpha=0.1, NN__hidden_layer_sizes=(50, 50), filter__n=60 ....
[CV]  NN__alpha=0.1, NN__hidden_layer_sizes=(50, 50), filter__n=60, score=0.6536425115170938, total=  12.1s
[CV] NN__alpha=0.1, NN__hidden_layer_sizes=(50,), filter__n=4 ........
[CV]  NN__alpha=0.1, NN__hidden_layer_sizes=(50,), filter__n=4, score=0.6415191201408206, total=   7.1s
[CV] NN__alpha=0.1, NN__hidden_layer_sizes=(50,), filter__n=5 ........
[CV]  NN__alpha=0.1, NN__hidden_layer_sizes=(50,), filter__n=5, score=0.6479776777296258, total=   5.7s
Process ForkPoolWorker-8:
Traceback (most recent call last):
  File "/Users/yuanshanhu/anaconda3/lib/python3.6/multiprocessing/pool.py", line 125, in worker
    put((job, i, result))
  File "/Users/yuanshanhu/anaconda3/lib/python3.6/site-packages/sklearn/externals/joblib/pool.py", line 386, in put
    return send(obj)
  File "/Users/yuanshanhu/anaconda3/lib/python3.6/site-packages/sklearn/externals/joblib/pool.py", line 372, in send
    self._writer.send_bytes(buffer.getvalue())
  File "/Users/yuanshanhu/anaconda3/lib/python3.6/multiprocessing/connection.py", line 200, in send_bytes
    self._send_bytes(m[offset:offset + size])
  File "/Users/yuanshanhu/anaconda3/lib/python3.6/multiprocessing/connection.py", line 404, in _send_bytes
    self._send(header + buf)
  File "/Users/yuanshanhu/anaconda3/lib/python3.6/multiprocessing/connection.py", line 368, in _send
    n = write(self._handle, buf)
BrokenPipeError: [Errno 32] Broken pipe

During handling of the above exception, another exception occurred:

Traceback (most recent call last):
  File "/Users/yuanshanhu/anaconda3/lib/python3.6/multiprocessing/process.py", line 258, in _bootstrap
    self.run()
  File "/Users/yuanshanhu/anaconda3/lib/python3.6/multiprocessing/process.py", line 93, in run
    self._target(*self._args, **self._kwargs)
  File "/Users/yuanshanhu/anaconda3/lib/python3.6/multiprocessing/pool.py", line 130, in worker
    put((job, i, (False, wrapped)))
  File "/Users/yuanshanhu/anaconda3/lib/python3.6/site-packages/sklearn/externals/joblib/pool.py", line 386, in put
    return send(obj)
  File "/Users/yuanshanhu/anaconda3/lib/python3.6/site-packages/sklearn/externals/joblib/pool.py", line 372, in send
    self._writer.send_bytes(buffer.getvalue())
  File "/Users/yuanshanhu/anaconda3/lib/python3.6/multiprocessing/connection.py", line 200, in send_bytes
    self._send_bytes(m[offset:offset + size])
  File "/Users/yuanshanhu/anaconda3/lib/python3.6/multiprocessing/connection.py", line 404, in _send_bytes
    self._send(header + buf)
  File "/Users/yuanshanhu/anaconda3/lib/python3.6/multiprocessing/connection.py", line 368, in _send
    n = write(self._handle, buf)
BrokenPipeError: [Errno 32] Broken pipe
[CV] NN__alpha=0.1, NN__hidden_layer_sizes=(50, 50), filter__n=2 .....
[CV]  NN__alpha=0.1, NN__hidden_layer_sizes=(50, 50), filter__n=2, score=0.6510476809776622, total=   8.1s
[CV] NN__alpha=0.1, NN__hidden_layer_sizes=(50, 50), filter__n=3 .....
[CV]  NN__alpha=0.1, NN__hidden_layer_sizes=(50, 50), filter__n=3, score=0.6362906063209607, total=   7.1s
[CV] NN__alpha=0.1, NN__hidden_layer_sizes=(50, 50), filter__n=5 .....
[CV]  NN__alpha=0.1, NN__hidden_layer_sizes=(50, 50), filter__n=5, score=0.6425159086324385, total=   7.6s
[CV] NN__alpha=0.1, NN__hidden_layer_sizes=(50, 50), filter__n=6 .....
[CV]  NN__alpha=0.1, NN__hidden_layer_sizes=(50, 50), filter__n=6, score=0.6509680432044791, total=  10.7s
[CV] NN__alpha=0.1, NN__hidden_layer_sizes=(50, 50), filter__n=8 .....
[CV]  NN__alpha=0.1, NN__hidden_layer_sizes=(50, 50), filter__n=8, score=0.6468216136916418, total=  10.7s
[CV] NN__alpha=0.1, NN__hidden_layer_sizes=(50, 50), filter__n=10 ....
[CV]  NN__alpha=0.1, NN__hidden_layer_sizes=(50, 50), filter__n=10, score=0.6422101917262936, total=   8.3s
[CV] NN__alpha=0.1, NN__hidden_layer_sizes=(50, 50), filter__n=15 ....
[CV]  NN__alpha=0.1, NN__hidden_layer_sizes=(50, 50), filter__n=15, score=0.6590683277285234, total=   8.2s
[CV] NN__alpha=0.1, NN__hidden_layer_sizes=(50, 50), filter__n=25 ....
[CV]  NN__alpha=0.1, NN__hidden_layer_sizes=(50, 50), filter__n=25, score=0.6574047168597444, total=   7.7s
[CV] NN__alpha=0.1, NN__hidden_layer_sizes=(50, 50), filter__n=30 ....
[CV]  NN__alpha=0.1, NN__hidden_layer_sizes=(50, 50), filter__n=30, score=0.6613918708262155, total=  10.1s
[CV] NN__alpha=0.1, NN__hidden_layer_sizes=(50, 50), filter__n=35 ....
[CV]  NN__alpha=0.1, NN__hidden_layer_sizes=(50, 50), filter__n=35, score=0.6536425115170938, total=   9.1s
[CV] NN__alpha=0.1, NN__hidden_layer_sizes=(50, 50), filter__n=45 ....
[CV]  NN__alpha=0.1, NN__hidden_layer_sizes=(50, 50), filter__n=45, score=0.6613918708262155, total=   9.2s
[CV] NN__alpha=0.1, NN__hidden_layer_sizes=(50, 50), filter__n=50 ....
[CV]  NN__alpha=0.1, NN__hidden_layer_sizes=(50, 50), filter__n=50, score=0.6536425115170938, total=   7.1s
[CV] NN__alpha=0.1, NN__hidden_layer_sizes=(50, 50), filter__n=60 ....
[CV]  NN__alpha=0.1, NN__hidden_layer_sizes=(50, 50), filter__n=60, score=0.6613918708262155, total=  10.6s
[CV] NN__alpha=0.1, NN__hidden_layer_sizes=(50,), filter__n=3 ........
[CV]  NN__alpha=0.1, NN__hidden_layer_sizes=(50,), filter__n=3, score=0.6236052283185339, total=   7.2s
[CV] NN__alpha=0.1, NN__hidden_layer_sizes=(50,), filter__n=4 ........
[CV]  NN__alpha=0.1, NN__hidden_layer_sizes=(50,), filter__n=4, score=0.6411941519547946, total=   6.0s
[CV] NN__alpha=0.1, NN__hidden_layer_sizes=(50,), filter__n=5 ........
[CV]  NN__alpha=0.1, NN__hidden_layer_sizes=(50,), filter__n=5, score=0.6364434647740331, total=   5.8s
Process ForkPoolWorker-3:
Traceback (most recent call last):
  File "/Users/yuanshanhu/anaconda3/lib/python3.6/multiprocessing/pool.py", line 125, in worker
    put((job, i, result))
  File "/Users/yuanshanhu/anaconda3/lib/python3.6/site-packages/sklearn/externals/joblib/pool.py", line 386, in put
    return send(obj)
  File "/Users/yuanshanhu/anaconda3/lib/python3.6/site-packages/sklearn/externals/joblib/pool.py", line 372, in send
    self._writer.send_bytes(buffer.getvalue())
  File "/Users/yuanshanhu/anaconda3/lib/python3.6/multiprocessing/connection.py", line 200, in send_bytes
    self._send_bytes(m[offset:offset + size])
  File "/Users/yuanshanhu/anaconda3/lib/python3.6/multiprocessing/connection.py", line 404, in _send_bytes
    self._send(header + buf)
  File "/Users/yuanshanhu/anaconda3/lib/python3.6/multiprocessing/connection.py", line 368, in _send
    n = write(self._handle, buf)
BrokenPipeError: [Errno 32] Broken pipe

During handling of the above exception, another exception occurred:

Traceback (most recent call last):
  File "/Users/yuanshanhu/anaconda3/lib/python3.6/multiprocessing/process.py", line 258, in _bootstrap
    self.run()
  File "/Users/yuanshanhu/anaconda3/lib/python3.6/multiprocessing/process.py", line 93, in run
    self._target(*self._args, **self._kwargs)
  File "/Users/yuanshanhu/anaconda3/lib/python3.6/multiprocessing/pool.py", line 130, in worker
    put((job, i, (False, wrapped)))
  File "/Users/yuanshanhu/anaconda3/lib/python3.6/site-packages/sklearn/externals/joblib/pool.py", line 386, in put
    return send(obj)
  File "/Users/yuanshanhu/anaconda3/lib/python3.6/site-packages/sklearn/externals/joblib/pool.py", line 372, in send
    self._writer.send_bytes(buffer.getvalue())
  File "/Users/yuanshanhu/anaconda3/lib/python3.6/multiprocessing/connection.py", line 200, in send_bytes
    self._send_bytes(m[offset:offset + size])
  File "/Users/yuanshanhu/anaconda3/lib/python3.6/multiprocessing/connection.py", line 404, in _send_bytes
    self._send(header + buf)
  File "/Users/yuanshanhu/anaconda3/lib/python3.6/multiprocessing/connection.py", line 368, in _send
    n = write(self._handle, buf)
BrokenPipeError: [Errno 32] Broken pipe
[CV] NN__alpha=0.1, NN__hidden_layer_sizes=(50, 50), filter__n=2 .....
[CV]  NN__alpha=0.1, NN__hidden_layer_sizes=(50, 50), filter__n=2, score=0.6468280307849354, total=   8.1s
[CV] NN__alpha=0.1, NN__hidden_layer_sizes=(50, 50), filter__n=3 .....
[CV]  NN__alpha=0.1, NN__hidden_layer_sizes=(50, 50), filter__n=3, score=0.6470541099178974, total=   8.2s
[CV] NN__alpha=0.1, NN__hidden_layer_sizes=(50, 50), filter__n=6 .....
[CV]  NN__alpha=0.1, NN__hidden_layer_sizes=(50, 50), filter__n=6, score=0.6409873241017139, total=  13.4s
[CV] NN__alpha=0.1, NN__hidden_layer_sizes=(50, 50), filter__n=7 .....
[CV]  NN__alpha=0.1, NN__hidden_layer_sizes=(50, 50), filter__n=7, score=0.6475126852771147, total=   8.7s
[CV] NN__alpha=0.1, NN__hidden_layer_sizes=(50, 50), filter__n=9 .....
[CV]  NN__alpha=0.1, NN__hidden_layer_sizes=(50, 50), filter__n=9, score=0.6451337536145513, total=   9.5s
[CV] NN__alpha=0.1, NN__hidden_layer_sizes=(50, 50), filter__n=10 ....
[CV]  NN__alpha=0.1, NN__hidden_layer_sizes=(50, 50), filter__n=10, score=0.6374408332366988, total=   8.7s
[CV] NN__alpha=0.1, NN__hidden_layer_sizes=(50, 50), filter__n=20 ....
[CV]  NN__alpha=0.1, NN__hidden_layer_sizes=(50, 50), filter__n=20, score=0.6619840533586243, total=  10.6s
[CV] NN__alpha=0.1, NN__hidden_layer_sizes=(50, 50), filter__n=30 ....
[CV]  NN__alpha=0.1, NN__hidden_layer_sizes=(50, 50), filter__n=30, score=0.6574047168597444, total=   8.4s
[CV] NN__alpha=0.1, NN__hidden_layer_sizes=(50, 50), filter__n=35 ....
[CV]  NN__alpha=0.1, NN__hidden_layer_sizes=(50, 50), filter__n=35, score=0.6613918708262155, total=   9.9s
[CV] NN__alpha=0.1, NN__hidden_layer_sizes=(50, 50), filter__n=40 ....
[CV]  NN__alpha=0.1, NN__hidden_layer_sizes=(50, 50), filter__n=40, score=0.6536425115170938, total=   7.9s
[CV] NN__alpha=0.1, NN__hidden_layer_sizes=(50, 50), filter__n=50 ....
[CV]  NN__alpha=0.1, NN__hidden_layer_sizes=(50, 50), filter__n=50, score=0.6613918708262155, total=   9.6s
[CV] NN__alpha=0.1, NN__hidden_layer_sizes=(50, 50), filter__n=55 ....
[CV]  NN__alpha=0.1, NN__hidden_layer_sizes=(50, 50), filter__n=55, score=0.6536425115170938, total=   7.3s
[CV] NN__alpha=0.1, NN__hidden_layer_sizes=(50,), filter__n=2 ........
[CV]  NN__alpha=0.1, NN__hidden_layer_sizes=(50,), filter__n=2, score=0.6479776777296258, total=   6.8s
[CV] NN__alpha=0.1, NN__hidden_layer_sizes=(50,), filter__n=4 ........
[CV]  NN__alpha=0.1, NN__hidden_layer_sizes=(50,), filter__n=4, score=0.6415255372341142, total=  11.0s
[CV] NN__alpha=0.1, NN__hidden_layer_sizes=(50,), filter__n=6 ........
[CV]  NN__alpha=0.1, NN__hidden_layer_sizes=(50,), filter__n=6, score=0.648197339769294, total=   5.6s
Process ForkPoolWorker-2:
Traceback (most recent call last):
  File "/Users/yuanshanhu/anaconda3/lib/python3.6/multiprocessing/pool.py", line 125, in worker
    put((job, i, result))
  File "/Users/yuanshanhu/anaconda3/lib/python3.6/site-packages/sklearn/externals/joblib/pool.py", line 386, in put
    return send(obj)
  File "/Users/yuanshanhu/anaconda3/lib/python3.6/site-packages/sklearn/externals/joblib/pool.py", line 372, in send
    self._writer.send_bytes(buffer.getvalue())
  File "/Users/yuanshanhu/anaconda3/lib/python3.6/multiprocessing/connection.py", line 200, in send_bytes
    self._send_bytes(m[offset:offset + size])
  File "/Users/yuanshanhu/anaconda3/lib/python3.6/multiprocessing/connection.py", line 404, in _send_bytes
    self._send(header + buf)
  File "/Users/yuanshanhu/anaconda3/lib/python3.6/multiprocessing/connection.py", line 368, in _send
    n = write(self._handle, buf)
BrokenPipeError: [Errno 32] Broken pipe

During handling of the above exception, another exception occurred:

Traceback (most recent call last):
  File "/Users/yuanshanhu/anaconda3/lib/python3.6/multiprocessing/process.py", line 258, in _bootstrap
    self.run()
  File "/Users/yuanshanhu/anaconda3/lib/python3.6/multiprocessing/process.py", line 93, in run
    self._target(*self._args, **self._kwargs)
  File "/Users/yuanshanhu/anaconda3/lib/python3.6/multiprocessing/pool.py", line 130, in worker
    put((job, i, (False, wrapped)))
  File "/Users/yuanshanhu/anaconda3/lib/python3.6/site-packages/sklearn/externals/joblib/pool.py", line 386, in put
    return send(obj)
  File "/Users/yuanshanhu/anaconda3/lib/python3.6/site-packages/sklearn/externals/joblib/pool.py", line 372, in send
    self._writer.send_bytes(buffer.getvalue())
  File "/Users/yuanshanhu/anaconda3/lib/python3.6/multiprocessing/connection.py", line 200, in send_bytes
    self._send_bytes(m[offset:offset + size])
  File "/Users/yuanshanhu/anaconda3/lib/python3.6/multiprocessing/connection.py", line 404, in _send_bytes
    self._send(header + buf)
  File "/Users/yuanshanhu/anaconda3/lib/python3.6/multiprocessing/connection.py", line 368, in _send
    n = write(self._handle, buf)
BrokenPipeError: [Errno 32] Broken pipe
[CV] NN__alpha=0.1, NN__hidden_layer_sizes=(50, 50), filter__n=2 .....
[CV]  NN__alpha=0.1, NN__hidden_layer_sizes=(50, 50), filter__n=2, score=0.6362906063209607, total=   8.1s
[CV] NN__alpha=0.1, NN__hidden_layer_sizes=(50, 50), filter__n=4 .....
[CV]  NN__alpha=0.1, NN__hidden_layer_sizes=(50, 50), filter__n=4, score=0.6495859000335334, total=   8.0s
[CV] NN__alpha=0.1, NN__hidden_layer_sizes=(50, 50), filter__n=5 .....
[CV]  NN__alpha=0.1, NN__hidden_layer_sizes=(50, 50), filter__n=5, score=0.6353658785671366, total=  11.8s
[CV] NN__alpha=0.1, NN__hidden_layer_sizes=(50, 50), filter__n=7 .....
[CV]  NN__alpha=0.1, NN__hidden_layer_sizes=(50, 50), filter__n=7, score=0.6480444813162215, total=   9.8s
[CV] NN__alpha=0.1, NN__hidden_layer_sizes=(50, 50), filter__n=9 .....
[CV]  NN__alpha=0.1, NN__hidden_layer_sizes=(50, 50), filter__n=9, score=0.6393726847045125, total=   8.0s
[CV] NN__alpha=0.1, NN__hidden_layer_sizes=(50, 50), filter__n=10 ....
[CV]  NN__alpha=0.1, NN__hidden_layer_sizes=(50, 50), filter__n=10, score=0.6467419759184587, total=  10.1s
[CV] NN__alpha=0.1, NN__hidden_layer_sizes=(50, 50), filter__n=20 ....
[CV]  NN__alpha=0.1, NN__hidden_layer_sizes=(50, 50), filter__n=20, score=0.6553983056899213, total=  10.7s
[CV] NN__alpha=0.1, NN__hidden_layer_sizes=(50, 50), filter__n=25 ....
[CV]  NN__alpha=0.1, NN__hidden_layer_sizes=(50, 50), filter__n=25, score=0.6536425115170938, total=   8.8s
[CV] NN__alpha=0.1, NN__hidden_layer_sizes=(50, 50), filter__n=35 ....
[CV]  NN__alpha=0.1, NN__hidden_layer_sizes=(50, 50), filter__n=35, score=0.6542229903720566, total=  11.7s
[CV] NN__alpha=0.1, NN__hidden_layer_sizes=(50, 50), filter__n=45 ....
[CV]  NN__alpha=0.1, NN__hidden_layer_sizes=(50, 50), filter__n=45, score=0.6542229903720566, total=  10.6s
[CV] NN__alpha=0.1, NN__hidden_layer_sizes=(50, 50), filter__n=55 ....
[CV]  NN__alpha=0.1, NN__hidden_layer_sizes=(50, 50), filter__n=55, score=0.6542229903720566, total=  11.2s
[CV] NN__alpha=0.1, NN__hidden_layer_sizes=(50,), filter__n=2 ........
[CV]  NN__alpha=0.1, NN__hidden_layer_sizes=(50,), filter__n=2, score=0.6412198203279693, total=   5.8s
[CV] NN__alpha=0.1, NN__hidden_layer_sizes=(50,), filter__n=2 ........
[CV]  NN__alpha=0.1, NN__hidden_layer_sizes=(50,), filter__n=2, score=0.63428829236024, total=   7.3s
[CV] NN__alpha=0.1, NN__hidden_layer_sizes=(50,), filter__n=4 ........
[CV]  NN__alpha=0.1, NN__hidden_layer_sizes=(50,), filter__n=4, score=0.6344411508133125, total=   6.2s
[CV] NN__alpha=0.1, NN__hidden_layer_sizes=(50,), filter__n=6 ........
[CV]  NN__alpha=0.1, NN__hidden_layer_sizes=(50,), filter__n=6, score=0.6463630383324246, total=   5.7s
Process ForkPoolWorker-5:
Traceback (most recent call last):
  File "/Users/yuanshanhu/anaconda3/lib/python3.6/multiprocessing/pool.py", line 125, in worker
    put((job, i, result))
  File "/Users/yuanshanhu/anaconda3/lib/python3.6/site-packages/sklearn/externals/joblib/pool.py", line 386, in put
    return send(obj)
  File "/Users/yuanshanhu/anaconda3/lib/python3.6/site-packages/sklearn/externals/joblib/pool.py", line 372, in send
    self._writer.send_bytes(buffer.getvalue())
  File "/Users/yuanshanhu/anaconda3/lib/python3.6/multiprocessing/connection.py", line 200, in send_bytes
    self._send_bytes(m[offset:offset + size])
  File "/Users/yuanshanhu/anaconda3/lib/python3.6/multiprocessing/connection.py", line 404, in _send_bytes
    self._send(header + buf)
  File "/Users/yuanshanhu/anaconda3/lib/python3.6/multiprocessing/connection.py", line 368, in _send
    n = write(self._handle, buf)
BrokenPipeError: [Errno 32] Broken pipe

During handling of the above exception, another exception occurred:

Traceback (most recent call last):
  File "/Users/yuanshanhu/anaconda3/lib/python3.6/multiprocessing/process.py", line 258, in _bootstrap
    self.run()
  File "/Users/yuanshanhu/anaconda3/lib/python3.6/multiprocessing/process.py", line 93, in run
    self._target(*self._args, **self._kwargs)
  File "/Users/yuanshanhu/anaconda3/lib/python3.6/multiprocessing/pool.py", line 130, in worker
    put((job, i, (False, wrapped)))
  File "/Users/yuanshanhu/anaconda3/lib/python3.6/site-packages/sklearn/externals/joblib/pool.py", line 386, in put
    return send(obj)
  File "/Users/yuanshanhu/anaconda3/lib/python3.6/site-packages/sklearn/externals/joblib/pool.py", line 372, in send
    self._writer.send_bytes(buffer.getvalue())
  File "/Users/yuanshanhu/anaconda3/lib/python3.6/multiprocessing/connection.py", line 200, in send_bytes
    self._send_bytes(m[offset:offset + size])
  File "/Users/yuanshanhu/anaconda3/lib/python3.6/multiprocessing/connection.py", line 404, in _send_bytes
    self._send(header + buf)
  File "/Users/yuanshanhu/anaconda3/lib/python3.6/multiprocessing/connection.py", line 368, in _send
    n = write(self._handle, buf)
BrokenPipeError: [Errno 32] Broken pipe
[CV] NN__alpha=0.1, NN__hidden_layer_sizes=(50, 50), filter__n=2 .....
[CV]  NN__alpha=0.1, NN__hidden_layer_sizes=(50, 50), filter__n=2, score=0.6412198203279693, total=   8.2s
[CV] NN__alpha=0.1, NN__hidden_layer_sizes=(50, 50), filter__n=4 .....
[CV]  NN__alpha=0.1, NN__hidden_layer_sizes=(50, 50), filter__n=4, score=0.6415255372341142, total=   7.6s
[CV] NN__alpha=0.1, NN__hidden_layer_sizes=(50, 50), filter__n=5 .....
[CV]  NN__alpha=0.1, NN__hidden_layer_sizes=(50, 50), filter__n=5, score=0.6495859000335334, total=   7.4s
[CV] NN__alpha=0.1, NN__hidden_layer_sizes=(50, 50), filter__n=6 .....
[CV]  NN__alpha=0.1, NN__hidden_layer_sizes=(50, 50), filter__n=6, score=0.6364434647740331, total=   9.0s
[CV] NN__alpha=0.1, NN__hidden_layer_sizes=(50, 50), filter__n=8 .....
[CV]  NN__alpha=0.1, NN__hidden_layer_sizes=(50, 50), filter__n=8, score=0.6455191082938792, total=  11.8s
[CV] NN__alpha=0.1, NN__hidden_layer_sizes=(50, 50), filter__n=10 ....
[CV]  NN__alpha=0.1, NN__hidden_layer_sizes=(50, 50), filter__n=10, score=0.6364491228162549, total=   7.1s
[CV] NN__alpha=0.1, NN__hidden_layer_sizes=(50, 50), filter__n=15 ....
[CV]  NN__alpha=0.1, NN__hidden_layer_sizes=(50, 50), filter__n=15, score=0.6626083213575014, total=  10.8s
[CV] NN__alpha=0.1, NN__hidden_layer_sizes=(50, 50), filter__n=25 ....
[CV]  NN__alpha=0.1, NN__hidden_layer_sizes=(50, 50), filter__n=25, score=0.6613918708262155, total=  11.2s
[CV] NN__alpha=0.1, NN__hidden_layer_sizes=(50, 50), filter__n=30 ....
[CV]  NN__alpha=0.1, NN__hidden_layer_sizes=(50, 50), filter__n=30, score=0.6536425115170938, total=   9.2s
[CV] NN__alpha=0.1, NN__hidden_layer_sizes=(50, 50), filter__n=40 ....
[CV]  NN__alpha=0.1, NN__hidden_layer_sizes=(50, 50), filter__n=40, score=0.6580161506720341, total=   9.5s
[CV] NN__alpha=0.1, NN__hidden_layer_sizes=(50, 50), filter__n=50 ....
[CV]  NN__alpha=0.1, NN__hidden_layer_sizes=(50, 50), filter__n=50, score=0.6574047168597444, total=   7.3s
[CV] NN__alpha=0.1, NN__hidden_layer_sizes=(50, 50), filter__n=55 ....
[CV]  NN__alpha=0.1, NN__hidden_layer_sizes=(50, 50), filter__n=55, score=0.6580161506720341, total=  10.2s
[CV] NN__alpha=0.1, NN__hidden_layer_sizes=(50,), filter__n=2 ........
[CV]  NN__alpha=0.1, NN__hidden_layer_sizes=(50,), filter__n=2, score=0.6457516045201347, total=   5.4s
[CV] NN__alpha=0.1, NN__hidden_layer_sizes=(50,), filter__n=3 ........
[CV]  NN__alpha=0.1, NN__hidden_layer_sizes=(50,), filter__n=3, score=0.6365891470827398, total=   7.2s
[CV] NN__alpha=0.1, NN__hidden_layer_sizes=(50,), filter__n=4 ........
[CV]  NN__alpha=0.1, NN__hidden_layer_sizes=(50,), filter__n=4, score=0.6438248311234948, total=   6.2s
[CV] NN__alpha=0.1, NN__hidden_layer_sizes=(50,), filter__n=6 ........
[CV]  NN__alpha=0.1, NN__hidden_layer_sizes=(50,), filter__n=6, score=0.6409873241017139, total=   5.9s
Process ForkPoolWorker-1:
Traceback (most recent call last):
  File "/Users/yuanshanhu/anaconda3/lib/python3.6/multiprocessing/pool.py", line 125, in worker
    put((job, i, result))
  File "/Users/yuanshanhu/anaconda3/lib/python3.6/site-packages/sklearn/externals/joblib/pool.py", line 386, in put
    return send(obj)
  File "/Users/yuanshanhu/anaconda3/lib/python3.6/site-packages/sklearn/externals/joblib/pool.py", line 372, in send
    self._writer.send_bytes(buffer.getvalue())
  File "/Users/yuanshanhu/anaconda3/lib/python3.6/multiprocessing/connection.py", line 200, in send_bytes
    self._send_bytes(m[offset:offset + size])
  File "/Users/yuanshanhu/anaconda3/lib/python3.6/multiprocessing/connection.py", line 404, in _send_bytes
    self._send(header + buf)
  File "/Users/yuanshanhu/anaconda3/lib/python3.6/multiprocessing/connection.py", line 368, in _send
    n = write(self._handle, buf)
BrokenPipeError: [Errno 32] Broken pipe

During handling of the above exception, another exception occurred:

Traceback (most recent call last):
  File "/Users/yuanshanhu/anaconda3/lib/python3.6/multiprocessing/process.py", line 258, in _bootstrap
    self.run()
  File "/Users/yuanshanhu/anaconda3/lib/python3.6/multiprocessing/process.py", line 93, in run
    self._target(*self._args, **self._kwargs)
  File "/Users/yuanshanhu/anaconda3/lib/python3.6/multiprocessing/pool.py", line 130, in worker
    put((job, i, (False, wrapped)))
  File "/Users/yuanshanhu/anaconda3/lib/python3.6/site-packages/sklearn/externals/joblib/pool.py", line 386, in put
    return send(obj)
  File "/Users/yuanshanhu/anaconda3/lib/python3.6/site-packages/sklearn/externals/joblib/pool.py", line 372, in send
    self._writer.send_bytes(buffer.getvalue())
  File "/Users/yuanshanhu/anaconda3/lib/python3.6/multiprocessing/connection.py", line 200, in send_bytes
    self._send_bytes(m[offset:offset + size])
  File "/Users/yuanshanhu/anaconda3/lib/python3.6/multiprocessing/connection.py", line 404, in _send_bytes
    self._send(header + buf)
  File "/Users/yuanshanhu/anaconda3/lib/python3.6/multiprocessing/connection.py", line 368, in _send
    n = write(self._handle, buf)
BrokenPipeError: [Errno 32] Broken pipe
